Week7/assignment/app/build/intermediates/manifest_merge_blame_file/debug/processDebugMainManifest/manifest-merger-blame-debug-report.txt
1<?xml version="1.0" encoding="utf-8"?>
2<manifest xmlns:android="http://schemas.android.com/apk/res/android"
3    package="com.example.week7assignment"
4    android:versionCode="1"
5    android:versionName="1.0" >
6
7    <uses-sdk
8        android:minSdkVersion="24"
9        android:targetSdkVersion="36" />
10
11    <uses-permission android:name="android.permission.INTERNET" />
11-->src\main\AndroidManifest.xml:5:5-67
11-->src\main\AndroidManifest.xml:5:22-64
12    <uses-permission android:name="android.permission.SCHEDULE_EXACT_ALARM" />
12-->src\main\AndroidManifest.xml:6:5-79
12-->src\main\AndroidManifest.xml:6:22-76
13    <uses-permission android:name="android.permission.POST_NOTIFICATIONS" />
13-->src\main\AndroidManifest.xml:7:5-77
13-->src\main\AndroidManifest.xml:7:22-74
14
15    <permission
15-->[androidx.core:core:1.17.0] AndroidManifest.xml:22:5-24:47
16        android:name="com.example.week7assignment.DYNAMIC_RECEIVER_NOT_EXPORTED_PERMISSION"
16-->[androidx.core:core:1.17.0] AndroidManifest.xml:23:9-81
17        android:protectionLevel="signature" />
17-->[androidx.core:core:1.17.0] AndroidManifest.xml:24:9-44
18
19    <uses-permission android:name="com.example.week7assignment.DYNAMIC_RECEIVER_NOT_EXPORTED_PERMISSION" />
19-->[androidx.core:core:1.17.0] AndroidManifest.xml:26:5-97
19-->[androidx.core:core:1.17.0] AndroidManifest.xml:26:22-94
20
21    <application
21-->src\main\AndroidManifest.xml:9:5-34:19
22        android:allowBackup="true"
22-->src\main\AndroidManifest.xml:10:9-35
23        android:appComponentFactory="androidx.core.app.CoreComponentFactory"
23-->[androidx.core:core:1.17.0] AndroidManifest.xml:28:18-86
24        android:dataExtractionRules="@xml/data_extraction_rules"
24-->src\main\AndroidManifest.xml:11:9-65
25        android:debuggable="true"
26        android:extractNativeLibs="false"
27        android:fullBackupContent="@xml/backup_rules"
27-->src\main\AndroidManifest.xml:12:9-54
28        android:icon="@mipmap/ic_launcher"
28-->src\main\AndroidManifest.xml:13:9-43
29        android:label="@string/app_name"
29-->src\main\AndroidManifest.xml:14:9-41
30        android:roundIcon="@mipmap/ic_launcher_round"
30-->src\main\AndroidManifest.xml:15:9-54
31        android:supportsRtl="true"
31-->src\main\AndroidManifest.xml:16:9-35
32        android:testOnly="true"
33        android:theme="@style/Theme.Week7Assignment" >
33-->src\main\AndroidManifest.xml:17:9-53
34        <activity
34-->src\main\AndroidManifest.xml:20:9-27:20
35            android:name="com.example.week7assignment.MainActivity"
35-->src\main\AndroidManifest.xml:21:13-41
36            android:exported="true" >
36-->src\main\AndroidManifest.xml:22:13-36
37            <intent-filter>
37-->src\main\AndroidManifest.xml:23:13-26:29
38                <action android:name="android.intent.action.MAIN" />
38-->src\main\AndroidManifest.xml:24:17-69
38-->src\main\AndroidManifest.xml:24:25-66
39
40                <category android:name="android.intent.category.LAUNCHER" />
40-->src\main\AndroidManifest.xml:25:17-77
40-->src\main\AndroidManifest.xml:25:27-74
41            </intent-filter>
42        </activity>
43
44        <receiver
44-->src\main\AndroidManifest.xml:29:9-32:40
45            android:name="com.example.week7assignment.receiver.ScheduleNotificationReceiver"
45-->src\main\AndroidManifest.xml:30:13-66
46            android:enabled="true"
46-->src\main\AndroidManifest.xml:31:13-35
47            android:exported="false" />
47-->src\main\AndroidManifest.xml:32:13-37
48
49        <service
49-->[androidx.room:room-runtime-android:2.8.3] AndroidManifest.xml:24:9-28:63
50            android:name="androidx.room.MultiInstanceInvalidationService"
50-->[androidx.room:room-runtime-android:2.8.3] AndroidManifest.xml:25:13-74
51            android:directBootAware="true"
51-->[androidx.room:room-runtime-android:2.8.3] AndroidManifest.xml:26:13-43
52            android:exported="false" />
52-->[androidx.room:room-runtime-android:2.8.3] AndroidManifest.xml:27:13-37
53
54        <provider
54-->[androidx.emoji2:emoji2:1.3.0] AndroidManifest.xml:24:9-32:20
55            android:name="androidx.startup.InitializationProvider"
55-->[androidx.emoji2:emoji2:1.3.0] AndroidManifest.xml:25:13-67
56            android:authorities="com.example.week7assignment.androidx-startup"
56-->[androidx.emoji2:emoji2:1.3.0] AndroidManifest.xml:26:13-68
57            android:exported="false" >
57-->[androidx.emoji2:emoji2:1.3.0] AndroidManifest.xml:27:13-37
58            <meta-data
58-->[androidx.emoji2:emoji2:1.3.0] AndroidManifest.xml:29:13-31:52
59                android:name="androidx.emoji2.text.EmojiCompatInitializer"
59-->[androidx.emoji2:emoji2:1.3.0] AndroidManifest.xml:30:17-75
60                android:value="androidx.startup" />
60-->[androidx.emoji2:emoji2:1.3.0] AndroidManifest.xml:31:17-49
61            <meta-data
61-->[androidx.lifecycle:lifecycle-process:2.8.7] AndroidManifest.xml:29:13-31:52
62                android:name="androidx.lifecycle.ProcessLifecycleInitializer"
62-->[androidx.lifecycle:lifecycle-process:2.8.7] AndroidManifest.xml:30:17-78
63                android:value="androidx.startup" />
63-->[androidx.lifecycle:lifecycle-process:2.8.7] AndroidManifest.xml:31:17-49
64            <meta-data
64-->[androidx.profileinstaller:profileinstaller:1.3.1] AndroidManifest.xml:29:13-31:52
65                android:name="androidx.profileinstaller.ProfileInstallerInitializer"
65-->[androidx.profileinstaller:profileinstaller:1.3.1] AndroidManifest.xml:30:17-85
66                android:value="androidx.startup" />
66-->[androidx.profileinstaller:profileinstaller:1.3.1] AndroidManifest.xml:31:17-49
67        </provider>
68
69        <receiver
69-->[androidx.profileinstaller:profileinstaller:1.3.1] AndroidManifest.xml:34:9-52:20
70            android:name="androidx.profileinstaller.ProfileInstallReceiver"
70-->[androidx.profileinstaller:profileinstaller:1.3.1] AndroidManifest.xml:35:13-76
71            android:directBootAware="false"
71-->[androidx.profileinstaller:profileinstaller:1.3.1] AndroidManifest.xml:36:13-44
72            android:enabled="true"
72-->[androidx.profileinstaller:profileinstaller:1.3.1] AndroidManifest.xml:37:13-35
73            android:exported="true"
73-->[androidx.profileinstaller:profileinstaller:1.3.1] AndroidManifest.xml:38:13-36
74            android:permission="android.permission.DUMP" >
74-->[androidx.profileinstaller:profileinstaller:1.3.1] AndroidManifest.xml:39:13-57
75            <intent-filter>
75-->[androidx.profileinstaller:profileinstaller:1.3.1] AndroidManifest.xml:40:13-42:29
76                <action android:name="androidx.profileinstaller.action.INSTALL_PROFILE" />
76-->[androidx.profileinstaller:profileinstaller:1.3.1] AndroidManifest.xml:41:17-91
76-->[androidx.profileinstaller:profileinstaller:1.3.1] AndroidManifest.xml:41:25-88
77            </intent-filter>
78            <intent-filter>
78-->[androidx.profileinstaller:profileinstaller:1.3.1] AndroidManifest.xml:43:13-45:29
79                <action android:name="androidx.profileinstaller.action.SKIP_FILE" />
79-->[androidx.profileinstaller:profileinstaller:1.3.1] AndroidManifest.xml:44:17-85
79-->[androidx.profileinstaller:profileinstaller:1.3.1] AndroidManifest.xml:44:25-82
80            </intent-filter>
81            <intent-filter>
81-->[androidx.profileinstaller:profileinstaller:1.3.1] AndroidManifest.xml:46:13-48:29
82                <action android:name="androidx.profileinstaller.action.SAVE_PROFILE" />
82-->[androidx.profileinstaller:profileinstaller:1.3.1] AndroidManifest.xml:47:17-88
82-->[androidx.profileinstaller:profileinstaller:1.3.1] AndroidManifest.xml:47:25-85
83            </intent-filter>
84            <intent-filter>
84-->[androidx.profileinstaller:profileinstaller:1.3.1] AndroidManifest.xml:49:13-51:29
85                <action android:name="androidx.profileinstaller.action.BENCHMARK_OPERATION" />
85-->[androidx.profileinstaller:profileinstaller:1.3.1] AndroidManifest.xml:50:17-95
85-->[androidx.profileinstaller:profileinstaller:1.3.1] AndroidManifest.xml:50:25-92
86            </intent-filter>
87        </receiver>
88    </application>
89
90</manifest>